time=2024-11-05T18:53:59.285+03:00 level=ERROR msg="error call getMe, not found, Not Found"
time=2024-11-05T19:56:54.811+03:00 level=ERROR msg="context canceled"
time=2024-11-05T19:58:59.398+03:00 level=ERROR msg="context canceled"
time=2024-11-05T19:59:15.655+03:00 level=ERROR msg="error call getMe, not found, Not Found"
time=2024-11-05T20:08:22.915+03:00 level=ERROR msg="Get \"https://api.hh.ru/vacancies?&experience=between1And3&schedule=remote&applicant_comments_order=creation_time_desc&per_page=10&text=NAME%3A(Менеджер маркетплейсов)\": context deadline exceeded"
time=2024-11-05T20:08:35.701+03:00 level=ERROR msg="Get \"https://api.hh.ru/vacancies?&experience=between1And3&schedule=remote&applicant_comments_order=creation_time_desc&per_page=10&text=NAME%3A(Менеджер маркетплейсов)\": context deadline exceeded"
time=2024-11-05T20:08:51.923+03:00 level=ERROR msg="Get \"https://api.hh.ru/vacancies?&experience=between1And3&schedule=remote&applicant_comments_order=creation_time_desc&per_page=10&text=NAME%3A(Менеджер маркетплейсов)\": context deadline exceeded"
time=2024-11-05T20:17:09.501+03:00 level=ERROR msg="Get \"https://api.hh.ru/vacancies?applicant_comments_order=creation_time_desc&per_page=100&text=NAME%3A(Менеджер маркетплейсов)\": context deadline exceeded"
time=2024-11-05T20:17:14.502+03:00 level=ERROR msg="Get \"https://api.hh.ru/vacancies?applicant_comments_order=creation_time_desc&per_page=100&text=NAME%3A(Менеджер маркетплейсов)\": context deadline exceeded"
time=2024-11-05T20:17:16.187+03:00 level=ERROR msg="Get \"https://api.hh.ru/vacancies?&experience=between1And3&schedule=remote&applicant_comments_order=creation_time_desc&per_page=10&text=NAME%3A(Менеджер маркетплейсов)\": context deadline exceeded"
time=2024-11-05T20:17:41.409+03:00 level=ERROR msg="Get \"https://api.hh.ru/vacancies?&experience=between1And3&schedule=remote&applicant_comments_order=creation_time_desc&per_page=10&text=NAME%3A(Сотрудник полиции)\": context deadline exceeded"
time=2024-11-05T20:17:53.873+03:00 level=ERROR msg="Get \"https://api.hh.ru/vacancies?&experience=between1And3&schedule=fullDay&applicant_comments_order=creation_time_desc&per_page=10&text=NAME%3A(Сотрудник полиции)\": context deadline exceeded"
time=2024-11-05T20:18:13.845+03:00 level=ERROR msg="Get \"https://api.hh.ru/vacancies?&experience=between1And3&schedule=fullDay&applicant_comments_order=creation_time_desc&per_page=10&text=NAME%3A(Сотрудник полиции)\": context deadline exceeded"
time=2024-11-05T20:18:25.749+03:00 level=ERROR msg="Get \"https://api.hh.ru/vacancies?&experience=between1And3&schedule=fullDay&applicant_comments_order=creation_time_desc&per_page=10&text=NAME%3A(Сотрудник полиции)\": context deadline exceeded"
time=2024-11-05T20:18:30.750+03:00 level=ERROR msg="Get \"https://api.hh.ru/vacancies?&experience=between1And3&schedule=fullDay&applicant_comments_order=creation_time_desc&per_page=10&text=NAME%3A(Сотрудник полиции)\": context deadline exceeded"
time=2024-11-05T20:18:35.751+03:00 level=ERROR msg="Get \"https://api.hh.ru/vacancies?&experience=between1And3&schedule=fullDay&applicant_comments_order=creation_time_desc&per_page=10&text=NAME%3A(Сотрудник полиции)\": context deadline exceeded"
time=2024-11-05T20:18:40.752+03:00 level=ERROR msg="Get \"https://api.hh.ru/vacancies?&experience=between1And3&schedule=fullDay&applicant_comments_order=creation_time_desc&per_page=10&text=NAME%3A(Сотрудник полиции)\": context deadline exceeded"
time=2024-11-05T20:18:45.754+03:00 level=ERROR msg="Get \"https://api.hh.ru/vacancies?&experience=between1And3&schedule=fullDay&applicant_comments_order=creation_time_desc&per_page=10&text=NAME%3A(Сотрудник полиции)\": context deadline exceeded"
time=2024-11-05T20:18:50.755+03:00 level=ERROR msg="Get \"https://api.hh.ru/vacancies?&experience=between1And3&schedule=fullDay&applicant_comments_order=creation_time_desc&per_page=10&text=NAME%3A(Сотрудник полиции)\": context deadline exceeded"
time=2024-11-07T08:18:25.268+03:00 level=ERROR msg="error call getMe, not found, Not Found"
